2023-02-09 22:48:25,095 - root - INFO - hi
2023-02-09 22:48:25,096 - root - INFO - bye
2023-02-09 22:49:56,329 - root - INFO - hi
2023-02-09 22:49:57,134 - root - INFO - bye
2023-02-09 22:54:14,730 - app - INFO - hi
2023-02-09 22:54:15,519 - app - INFO - bye
2023-02-12 15:08:24,417 - <module> - INFO - hi
2023-02-12 15:08:24,418 - <module> - INFO - bye
INFO :: 2023-02-12 15:51:22,175 :: <module> :: Application Start
INFO :: 2023-02-12 15:51:22,175 :: __init__ :: !
INFO :: 2023-02-12 15:51:22,177 :: __del__ :: !
INFO :: 2023-02-12 15:54:58,648 :: root :: <module> :: Application Start
INFO :: 2023-02-12 15:54:58,649 :: root :: __init__ :: !
INFO :: 2023-02-12 15:55:14,667 :: root :: <module> :: Application Start
INFO :: 2023-02-12 15:55:20,667 :: root :: __init__ :: !
INFO :: 2023-02-12 15:55:36,881 :: root :: <module> :: Application Start
INFO :: 2023-02-12 15:55:36,881 :: root :: __init__ :: !
INFO :: 2023-02-12 15:55:36,931 :: root :: __init__ :: !
INFO :: 2023-02-12 15:55:36,931 :: root :: __init__ :: !
INFO :: 2023-02-12 15:55:37,006 :: root :: <module> :: Application End
INFO :: 2023-02-12 15:55:37,009 :: root :: __del__ :: !
INFO :: 2023-02-12 15:56:28,599 :: root :: <module> :: Application Start
INFO :: 2023-02-12 15:56:28,599 :: root :: __init__ :: !
INFO :: 2023-02-12 15:56:28,663 :: root :: __init__ :: !
INFO :: 2023-02-12 15:56:28,680 :: root :: __init__ :: !
INFO :: 2023-02-12 15:56:28,748 :: root :: __del__ :: !
INFO :: 2023-02-12 15:56:46,445 :: root :: <module> :: Application Start
INFO :: 2023-02-12 15:56:46,445 :: root :: __init__ :: !
INFO :: 2023-02-12 15:56:46,495 :: root :: __init__ :: !
INFO :: 2023-02-12 15:56:46,496 :: root :: __init__ :: !
INFO :: 2023-02-12 15:56:46,583 :: root :: __del__ :: !
INFO :: 2023-02-12 15:56:54,549 :: root :: <module> :: Application Start
INFO :: 2023-02-12 15:56:54,549 :: root :: __init__ :: !
INFO :: 2023-02-12 15:56:54,579 :: root :: __init__ :: !
INFO :: 2023-02-12 15:56:54,580 :: root :: __init__ :: !
INFO :: 2023-02-12 15:56:54,653 :: root :: __del__ :: !
INFO :: 2023-02-12 15:56:56,912 :: root :: <module> :: Application Start
INFO :: 2023-02-12 15:57:03,137 :: root :: __init__ :: !
INFO :: 2023-02-12 16:03:28,333 :: root :: __init__ :: !
INFO :: 2023-02-12 16:03:37,291 :: root :: __init__ :: !
INFO :: 2023-02-12 16:05:59,015 :: root :: __del__ :: !
INFO :: 2023-02-12 16:06:03,693 :: root :: <module> :: Application Start
INFO :: 2023-02-12 16:06:03,693 :: root :: __init__ :: !
INFO :: 2023-02-12 16:06:03,693 :: root :: __init__ :: !
INFO :: 2023-02-12 16:06:03,693 :: root :: __init__ :: !
INFO :: 2023-02-12 16:06:03,771 :: root :: __del__ :: !
INFO :: 2023-02-12 16:06:47,141 :: root :: <module> :: Application Start
INFO :: 2023-02-12 16:06:47,141 :: root :: __init__ :: !
INFO :: 2023-02-12 16:06:47,141 :: root :: __init__ :: !
INFO :: 2023-02-12 16:06:47,141 :: root :: __init__ :: !
INFO :: 2023-02-12 16:06:47,217 :: root :: __del__ :: !
INFO :: 2023-02-12 16:09:27,326 :: root :: <module> :: Application Start
INFO :: 2023-02-12 16:09:29,236 :: root :: __init__ :: !
INFO :: 2023-02-12 16:09:31,510 :: root :: __init__ :: !
INFO :: 2023-02-12 16:09:32,098 :: root :: __init__ :: !
INFO :: 2023-02-12 16:09:35,981 :: root :: __del__ :: !
INFO :: 2023-02-12 16:10:19,768 :: root :: <module> :: Application Start
INFO :: 2023-02-12 16:10:19,769 :: root :: __init__ :: !
INFO :: 2023-02-12 16:10:19,844 :: root :: __init__ :: !
INFO :: 2023-02-12 16:10:19,844 :: root :: __init__ :: !
INFO :: 2023-02-12 16:10:19,943 :: root :: __del__ :: !
INFO :: 2023-02-12 16:16:43,322 :: root :: <module> :: Application Start
INFO :: 2023-02-12 16:16:52,968 :: root :: __init__ :: !
INFO :: 2023-02-12 16:16:53,057 :: root :: __init__ :: !
INFO :: 2023-02-12 16:16:53,058 :: root :: __init__ :: !
INFO :: 2023-02-12 16:26:13,217 :: root :: <module> :: hi
INFO :: 2023-02-12 16:26:25,759 :: root :: __del__ :: !
INFO :: 2023-02-12 16:26:33,587 :: root :: __del__ :: !
INFO :: 2023-02-12 16:27:46,464 :: root :: <module> :: Application Start
INFO :: 2023-02-12 16:27:46,464 :: root :: __init__ :: !
INFO :: 2023-02-12 16:27:46,525 :: root :: __init__ :: !
INFO :: 2023-02-12 16:27:46,525 :: root :: __init__ :: !
INFO :: 2023-02-12 16:29:43,776 :: root :: <module> :: Application End
INFO :: 2023-02-12 16:29:44,438 :: root :: __del__ :: !
INFO :: 2023-02-12 16:29:49,194 :: root :: <module> :: Application Start
INFO :: 2023-02-12 16:29:49,194 :: root :: __init__ :: !
INFO :: 2023-02-12 16:29:49,259 :: root :: __init__ :: !
INFO :: 2023-02-12 16:29:49,259 :: root :: __init__ :: !
INFO :: 2023-02-12 16:29:52,391 :: root :: run :: run 1
INFO :: 2023-02-12 16:30:01,618 :: root :: run :: run 2
INFO :: 2023-02-12 16:30:04,064 :: root :: __del__ :: !
INFO :: 2023-02-12 16:30:04,087 :: root :: __del__ :: !
INFO :: 2023-02-12 16:30:04,158 :: root :: <module> :: Application End
INFO :: 2023-02-12 16:30:04,820 :: root :: __del__ :: !
INFO :: 2023-02-12 16:34:43,567 :: root :: <module> :: Application Start
INFO :: 2023-02-12 16:34:43,567 :: root :: __init__ :: !
INFO :: 2023-02-12 16:34:43,605 :: root :: info :: Execuroe({self}) is created!!
INFO :: 2023-02-12 16:34:43,605 :: root :: info :: Execuroe({self}) is created!!
INFO :: 2023-02-12 16:34:43,676 :: root :: run :: run 1
INFO :: 2023-02-12 16:34:43,677 :: root :: __del__ :: !
INFO :: 2023-02-12 16:34:43,677 :: root :: run :: run 2
INFO :: 2023-02-12 16:34:43,678 :: root :: __del__ :: !
INFO :: 2023-02-12 16:34:43,704 :: root :: <module> :: Application End
INFO :: 2023-02-12 16:34:43,708 :: root :: __del__ :: !
INFO :: 2023-02-12 16:34:56,784 :: root :: <module> :: Application Start
INFO :: 2023-02-12 16:34:56,784 :: root :: __init__ :: !
INFO :: 2023-02-12 16:34:56,824 :: root :: info :: Execuroe(<dispatcher.dispatcher.Executor object at 0x10f083550>) is created!!
INFO :: 2023-02-12 16:34:56,824 :: root :: info :: Execuroe(<dispatcher.dispatcher.Executor object at 0x10f37a070>) is created!!
INFO :: 2023-02-12 16:34:56,885 :: root :: run :: run 1
INFO :: 2023-02-12 16:34:56,885 :: root :: __del__ :: !
INFO :: 2023-02-12 16:34:56,886 :: root :: run :: run 2
INFO :: 2023-02-12 16:34:56,886 :: root :: __del__ :: !
INFO :: 2023-02-12 16:34:56,915 :: root :: <module> :: Application End
INFO :: 2023-02-12 16:34:56,919 :: root :: __del__ :: !
[INFO] :: 2023-02-12 16:35:46,071 :: Application Start
[INFO] :: 2023-02-12 16:35:46,071 :: !
[INFO] :: 2023-02-12 16:35:46,111 :: Execuroe(<dispatcher.dispatcher.Executor object at 0x10cd395e0>) is created!!
[INFO] :: 2023-02-12 16:35:46,111 :: Execuroe(<dispatcher.dispatcher.Executor object at 0x10d033070>) is created!!
[INFO] :: 2023-02-12 16:35:46,177 :: run 1
[INFO] :: 2023-02-12 16:35:46,177 :: !
[INFO] :: 2023-02-12 16:35:46,177 :: run 2
[INFO] :: 2023-02-12 16:35:46,178 :: !
[INFO] :: 2023-02-12 16:35:46,203 :: Application End
[INFO] :: 2023-02-12 16:35:46,208 :: !
[INFO] :: 2023-02-12 16:36:07,874 :: Application Start
[INFO] :: 2023-02-12 16:36:07,875 :: !
[INFO] :: 2023-02-12 16:36:57,762 :: Execuroe(<dispatcher.dispatcher.Executor object at 0x107c188e0>) is created!!
[INFO] :: 2023-02-12 16:36:59,600 :: Execuroe(<dispatcher.dispatcher.Executor object at 0x107d54fa0>) is created!!
[INFO] :: 2023-02-12 16:37:01,313 :: run 1
[INFO] :: 2023-02-12 16:37:03,669 :: run 2
[INFO] :: 2023-02-12 16:37:04,895 :: !
[INFO] :: 2023-02-12 16:37:05,151 :: !
[INFO] :: 2023-02-12 16:37:05,174 :: Application End
[INFO] :: 2023-02-12 16:37:05,890 :: !
[INFO] :: 2023-02-12 16:37:24,496 :: Application Start
[INFO] :: 2023-02-12 16:37:24,496 :: !
[INFO] :: 2023-02-12 16:40:17,167 :: Application Start
[INFO] :: 2023-02-12 16:40:17,167 :: <dispatcher.dispatcher.Dispatcher object at 0x10ed7e4c0> is created!!
[INFO] :: 2023-02-12 16:40:17,202 :: <dispatcher.dispatcher.Executor object at 0x10ed7e550> is created!!
[INFO] :: 2023-02-12 16:40:17,203 :: <dispatcher.dispatcher.Executor object at 0x10f075070> is created!!
[INFO] :: 2023-02-12 16:40:17,264 :: run 1
[INFO] :: 2023-02-12 16:40:17,264 :: <dispatcher.dispatcher.Executor object at 0x101fb19a0> is deleted!!
[INFO] :: 2023-02-12 16:40:17,265 :: <dispatcher.dispatcher.Dispatcher object at 0x101fa9340> is deleted!!
[INFO] :: 2023-02-12 16:40:17,265 :: run 2
[INFO] :: 2023-02-12 16:40:17,265 :: <dispatcher.dispatcher.Executor object at 0x101fb19a0> is deleted!!
[INFO] :: 2023-02-12 16:40:17,265 :: <dispatcher.dispatcher.Executor object at 0x10f075070> is deleted!!
[INFO] :: 2023-02-12 16:40:17,266 :: <dispatcher.dispatcher.Executor object at 0x10ed7e550> is deleted!!
[INFO] :: 2023-02-12 16:40:17,266 :: <dispatcher.dispatcher.Dispatcher object at 0x101fa9340> is deleted!!
[INFO] :: 2023-02-12 16:40:17,294 :: Application End
[INFO] :: 2023-02-12 16:40:17,298 :: <dispatcher.dispatcher.Dispatcher object at 0x10ed7e4c0> is deleted!!
[INFO] :: 2023-02-12 21:58:26,934 :: Application Start
[INFO] :: 2023-02-12 21:58:26,934 :: <dispatcher.dispatcher.Dispatcher object at 0x1045400d0> is created!!
[INFO] :: 2023-02-12 21:58:33,272 :: <dispatcher.dispatcher.Executor object at 0x1045618e0> is created!!
[INFO] :: 2023-02-12 21:58:33,272 :: <dispatcher.dispatcher.Executor object at 0x10464c250> is created!!
[INFO] :: 2023-02-12 21:58:33,275 :: start 1
[INFO] :: 2023-02-12 21:58:33,275 :: start 2
[INFO] :: 2023-02-12 21:58:34,279 :: end 2
[INFO] :: 2023-02-12 21:58:34,279 :: end 1
[INFO] :: 2023-02-12 21:58:34,280 :: <dispatcher.dispatcher.Executor object at 0x10a020670> is deleted!!
[INFO] :: 2023-02-12 21:58:34,280 :: <dispatcher.dispatcher.Executor object at 0x10ce5f430> is deleted!!
[INFO] :: 2023-02-12 21:58:34,280 :: <dispatcher.dispatcher.Dispatcher object at 0x10a020610> is deleted!!
[INFO] :: 2023-02-12 21:58:34,280 :: <dispatcher.dispatcher.Dispatcher object at 0x10ce5f250> is deleted!!
[INFO] :: 2023-02-12 21:58:34,282 :: <dispatcher.dispatcher.Executor object at 0x10464c250> is deleted!!
[INFO] :: 2023-02-12 21:58:34,945 :: Application End
[INFO] :: 2023-02-12 21:58:35,532 :: <dispatcher.dispatcher.Executor object at 0x1045618e0> is deleted!!
[INFO] :: 2023-02-12 21:58:35,533 :: <dispatcher.dispatcher.Dispatcher object at 0x1045400d0> is deleted!!
[INFO] :: 2023-02-12 21:59:30,142 :: Application Start
[INFO] :: 2023-02-12 21:59:30,143 :: <dispatcher.dispatcher.Dispatcher object at 0x10c87c040> is created!!
[INFO] :: 2023-02-12 21:59:30,171 :: <dispatcher.dispatcher.Executor object at 0x10c89b730> is created!!
[INFO] :: 2023-02-12 21:59:30,172 :: <dispatcher.dispatcher.Executor object at 0x10c97ee50> is created!!
[INFO] :: 2023-02-12 21:59:30,490 :: start 1
[INFO] :: 2023-02-12 21:59:30,493 :: start 2
[INFO] :: 2023-02-12 21:59:31,495 :: end 2
[INFO] :: 2023-02-12 21:59:31,495 :: end 1
[INFO] :: 2023-02-12 21:59:31,496 :: <dispatcher.dispatcher.Executor object at 0x107a88ac0> is deleted!!
[INFO] :: 2023-02-12 21:59:31,496 :: <dispatcher.dispatcher.Executor object at 0x10df30ac0> is deleted!!
[INFO] :: 2023-02-12 21:59:31,497 :: <dispatcher.dispatcher.Dispatcher object at 0x107a888e0> is deleted!!
[INFO] :: 2023-02-12 21:59:31,497 :: <dispatcher.dispatcher.Dispatcher object at 0x10df308e0> is deleted!!
[INFO] :: 2023-02-12 21:59:31,497 :: <dispatcher.dispatcher.Executor object at 0x10c97ee50> is deleted!!
[INFO] :: 2023-02-12 21:59:31,498 :: <dispatcher.dispatcher.Executor object at 0x10c89b730> is deleted!!
[INFO] :: 2023-02-12 21:59:32,189 :: Application End
[INFO] :: 2023-02-12 21:59:32,722 :: <dispatcher.dispatcher.Dispatcher object at 0x10c87c040> is deleted!!
[INFO] :: 2023-02-12 22:00:58,279 :: Application Start
[INFO] :: 2023-02-12 22:00:58,280 :: <dispatcher.dispatcher.Dispatcher object at 0x1106e1040> is created!!
[INFO] :: 2023-02-12 22:00:58,307 :: <dispatcher.dispatcher.Executor object at 0x110701820> is created!!
[INFO] :: 2023-02-12 22:00:58,308 :: <dispatcher.dispatcher.Executor object at 0x1107e3c40> is created!!
[INFO] :: 2023-02-12 22:00:58,637 :: start 1
[INFO] :: 2023-02-12 22:00:58,640 :: start 2
[INFO] :: 2023-02-12 22:00:59,643 :: end 2
[INFO] :: 2023-02-12 22:00:59,643 :: end 1
[INFO] :: 2023-02-12 22:01:53,789 :: <dispatcher.dispatcher.Executor object at 0x10d67cb80> is deleted!!
[INFO] :: 2023-02-12 22:01:53,789 :: <dispatcher.dispatcher.Dispatcher object at 0x10d67c9a0> is deleted!!
[INFO] :: 2023-02-12 22:01:55,272 :: <dispatcher.dispatcher.Executor object at 0x1107e3c40> is deleted!!
[INFO] :: 2023-02-12 22:01:58,471 :: <dispatcher.dispatcher.Executor object at 0x110701820> is deleted!!
[INFO] :: 2023-02-12 22:02:14,254 :: Application Start
[INFO] :: 2023-02-12 22:02:14,254 :: <dispatcher.dispatcher.Dispatcher object at 0x108ba7040> is created!!
[INFO] :: 2023-02-12 22:02:14,282 :: <dispatcher.dispatcher.Executor object at 0x108bc9820> is created!!
[INFO] :: 2023-02-12 22:02:14,283 :: <dispatcher.dispatcher.Executor object at 0x108cabe50> is created!!
[INFO] :: 2023-02-12 22:02:14,633 :: start 1
[INFO] :: 2023-02-12 22:02:14,633 :: start 2
[INFO] :: 2023-02-12 22:02:15,641 :: end 2
[INFO] :: 2023-02-12 22:02:15,641 :: end 1
[INFO] :: 2023-02-12 22:02:19,382 :: <dispatcher.dispatcher.Executor object at 0x10f5dab80> is deleted!!
[INFO] :: 2023-02-12 22:02:19,382 :: <dispatcher.dispatcher.Dispatcher object at 0x10f5da9a0> is deleted!!
[INFO] :: 2023-02-12 22:02:21,142 :: <dispatcher.dispatcher.Executor object at 0x108cabe50> is deleted!!
[INFO] :: 2023-02-12 22:02:21,143 :: <dispatcher.dispatcher.Executor object at 0x108bc9820> is deleted!!
[INFO] :: 2023-02-12 22:02:26,227 :: Application Start
[INFO] :: 2023-02-12 22:02:26,227 :: <dispatcher.dispatcher.Dispatcher object at 0x10d2ae0d0> is created!!
[INFO] :: 2023-02-12 22:02:26,255 :: <dispatcher.dispatcher.Executor object at 0x10d2cc730> is created!!
[INFO] :: 2023-02-12 22:02:26,255 :: <dispatcher.dispatcher.Executor object at 0x10d3b19a0> is created!!
[INFO] :: 2023-02-12 22:02:26,580 :: start 1
[INFO] :: 2023-02-12 22:02:26,600 :: start 2
[INFO] :: 2023-02-12 22:02:27,599 :: end 1
[INFO] :: 2023-02-12 22:02:27,600 :: <dispatcher.dispatcher.Executor object at 0x107fbfac0> is deleted!!
[INFO] :: 2023-02-12 22:02:27,601 :: <dispatcher.dispatcher.Dispatcher object at 0x107fbf8e0> is deleted!!
[INFO] :: 2023-02-12 22:02:27,601 :: end 2
[INFO] :: 2023-02-12 22:02:27,602 :: <dispatcher.dispatcher.Executor object at 0x103a33ac0> is deleted!!
[INFO] :: 2023-02-12 22:02:27,603 :: <dispatcher.dispatcher.Dispatcher object at 0x103a338e0> is deleted!!
[INFO] :: 2023-02-12 22:02:27,603 :: <dispatcher.dispatcher.Executor object at 0x10d3b19a0> is deleted!!
[INFO] :: 2023-02-12 22:02:27,603 :: <dispatcher.dispatcher.Executor object at 0x10d2cc730> is deleted!!
[INFO] :: 2023-02-12 22:02:28,286 :: Application End
[INFO] :: 2023-02-12 22:02:28,807 :: <dispatcher.dispatcher.Dispatcher object at 0x10d2ae0d0> is deleted!!
[INFO] :: 2023-02-12 22:03:10,051 :: Application Start
[INFO] :: 2023-02-12 22:03:10,052 :: <dispatcher.dispatcher.Dispatcher object at 0x106848040> is created!!
[INFO] :: 2023-02-12 22:03:10,078 :: <dispatcher.dispatcher.Executor object at 0x106864730> is created!!
[INFO] :: 2023-02-12 22:03:10,078 :: <dispatcher.dispatcher.Executor object at 0x106948fd0> is created!!
[INFO] :: 2023-02-12 22:03:10,440 :: start 1
[INFO] :: 2023-02-12 22:03:10,441 :: start 2
[INFO] :: 2023-02-12 22:03:11,442 :: end 1
[INFO] :: 2023-02-12 22:03:11,442 :: end 2
[INFO] :: 2023-02-12 22:03:11,443 :: <dispatcher.dispatcher.Executor object at 0x10b612ac0> is deleted!!
[INFO] :: 2023-02-12 22:03:11,443 :: <dispatcher.dispatcher.Executor object at 0x1089afac0> is deleted!!
[INFO] :: 2023-02-12 22:03:11,444 :: <dispatcher.dispatcher.Dispatcher object at 0x10b6128e0> is deleted!!
[INFO] :: 2023-02-12 22:03:11,444 :: <dispatcher.dispatcher.Dispatcher object at 0x1089af8e0> is deleted!!
[INFO] :: 2023-02-12 22:03:11,444 :: <dispatcher.dispatcher.Executor object at 0x106948fd0> is deleted!!
[INFO] :: 2023-02-12 22:03:11,444 :: <dispatcher.dispatcher.Executor object at 0x106864730> is deleted!!
[INFO] :: 2023-02-12 22:04:31,642 :: Application Start
[INFO] :: 2023-02-12 22:04:31,642 :: <dispatcher.dispatcher.Dispatcher object at 0x10b603040> is created!!
[INFO] :: 2023-02-12 22:04:31,643 :: <dispatcher.dispatcher.Executor object at 0x10b623760> is created!!
[INFO] :: 2023-02-12 22:04:31,643 :: <dispatcher.dispatcher.Executor object at 0x10b6237c0> is created!!
[INFO] :: 2023-02-12 22:04:31,989 :: start 1
[INFO] :: 2023-02-12 22:04:31,993 :: start 2
[INFO] :: 2023-02-12 22:04:32,992 :: end 1
[INFO] :: 2023-02-12 22:04:32,993 :: <dispatcher.dispatcher.Executor object at 0x10b93fac0> is deleted!!
[INFO] :: 2023-02-12 22:04:32,993 :: <dispatcher.dispatcher.Dispatcher object at 0x10b93f8e0> is deleted!!
[INFO] :: 2023-02-12 22:04:32,995 :: end 2
[INFO] :: 2023-02-12 22:04:32,996 :: <dispatcher.dispatcher.Executor object at 0x103dcbac0> is deleted!!
[INFO] :: 2023-02-12 22:04:32,996 :: <dispatcher.dispatcher.Dispatcher object at 0x103dcb8e0> is deleted!!
[INFO] :: 2023-02-12 22:04:33,000 :: <dispatcher.dispatcher.Executor object at 0x10b6237c0> is deleted!!
[INFO] :: 2023-02-12 22:04:33,000 :: <dispatcher.dispatcher.Executor object at 0x10b623760> is deleted!!
[INFO] :: 2023-02-12 22:04:33,001 :: Application End
[INFO] :: 2023-02-12 22:04:33,634 :: <dispatcher.dispatcher.Dispatcher object at 0x10b603040> is deleted!!
[INFO] :: 2023-02-12 22:10:00,801 :: Application Start
[INFO] :: 2023-02-12 22:10:00,801 :: <dispatcher.dispatcher.Dispatcher object at 0x1086e6040>(2798) is created!!
[INFO] :: 2023-02-12 22:10:00,802 :: <dispatcher.dispatcher.Executor object at 0x108706760>(2798) is created!!
[INFO] :: 2023-02-12 22:10:00,802 :: <dispatcher.dispatcher.Executor object at 0x1087067c0>(2798) is created!!
[INFO] :: 2023-02-12 22:10:01,144 :: start 1(2802)
[INFO] :: 2023-02-12 22:10:01,152 :: start 2(2803)
[INFO] :: 2023-02-12 22:10:02,148 :: end 1(2802)
[INFO] :: 2023-02-12 22:10:02,149 :: <dispatcher.dispatcher.Executor object at 0x105c08ac0> is deleted!!
[INFO] :: 2023-02-12 22:10:02,150 :: <dispatcher.dispatcher.Dispatcher object at 0x105c088e0> is deleted!!
[INFO] :: 2023-02-12 22:10:02,155 :: end 2(2803)
[INFO] :: 2023-02-12 22:10:02,156 :: <dispatcher.dispatcher.Executor object at 0x10405cb20> is deleted!!
[INFO] :: 2023-02-12 22:10:02,156 :: <dispatcher.dispatcher.Dispatcher object at 0x10405c850> is deleted!!
[INFO] :: 2023-02-12 22:10:02,161 :: <dispatcher.dispatcher.Executor object at 0x1087067c0> is deleted!!
[INFO] :: 2023-02-12 22:10:02,161 :: <dispatcher.dispatcher.Executor object at 0x108706760> is deleted!!
[INFO] :: 2023-02-12 22:10:02,162 :: Application End
[INFO] :: 2023-02-12 22:10:02,795 :: <dispatcher.dispatcher.Dispatcher object at 0x1086e6040> is deleted!!
[INFO] :: 2023-02-12 22:10:48,971 :: Application Start
[INFO] :: 2023-02-12 22:10:48,971 :: <dispatcher.dispatcher.Dispatcher object at 0x1094d8040>(2897) is created!!
[INFO] :: 2023-02-12 22:10:48,971 :: <dispatcher.dispatcher.Executor object at 0x1094f7760>(2897) is created!!
[INFO] :: 2023-02-12 22:10:48,972 :: <dispatcher.dispatcher.Executor object at 0x1094f77c0>(2897) is created!!
[INFO] :: 2023-02-12 22:10:49,346 :: start 2(2901)
[INFO] :: 2023-02-12 22:10:49,346 :: start 1(2902)
[INFO] :: 2023-02-12 22:10:50,353 :: end 2(2901)
[INFO] :: 2023-02-12 22:10:50,353 :: end 1(2902)
[INFO] :: 2023-02-12 22:10:50,354 :: <dispatcher.dispatcher.Executor object at 0x108d92ac0>(2902) is deleted!!
[INFO] :: 2023-02-12 22:10:50,355 :: <dispatcher.dispatcher.Executor object at 0x107b0cb20>(2901) is deleted!!
[INFO] :: 2023-02-12 22:10:50,355 :: <dispatcher.dispatcher.Dispatcher object at 0x107b0c940>(2901) is deleted!!
[INFO] :: 2023-02-12 22:10:50,355 :: <dispatcher.dispatcher.Dispatcher object at 0x108d928e0>(2902) is deleted!!
[INFO] :: 2023-02-12 22:10:50,360 :: <dispatcher.dispatcher.Executor object at 0x1094f77c0>(2897) is deleted!!
[INFO] :: 2023-02-12 22:10:50,360 :: <dispatcher.dispatcher.Executor object at 0x1094f7760>(2897) is deleted!!
[INFO] :: 2023-02-12 22:10:50,361 :: Application End
[INFO] :: 2023-02-12 22:10:50,954 :: <dispatcher.dispatcher.Dispatcher object at 0x1094d8040>(2897) is deleted!!
[INFO] :: 2023-02-12 22:14:51,268 :: Application Start
[INFO] :: 2023-02-12 22:14:51,269 :: <dispatcher.dispatcher.Dispatcher object at 0x1054c9040>(3000) is created!!
[INFO] :: 2023-02-12 22:14:51,611 :: <dispatcher.dispatcher.Executor object at 0x1069a3b20>(3004) is created!!
[INFO] :: 2023-02-12 22:14:51,613 :: start 1(3004)
[INFO] :: 2023-02-12 22:14:51,616 :: <dispatcher.dispatcher.Executor object at 0x10b2cfb20>(3005) is created!!
[INFO] :: 2023-02-12 22:14:51,618 :: start 2(3005)
[INFO] :: 2023-02-12 22:14:52,615 :: end 1(3004)
[INFO] :: 2023-02-12 22:14:52,616 :: <dispatcher.dispatcher.Executor object at 0x1069a3b20>(3004) is deleted!!
[INFO] :: 2023-02-12 22:14:52,617 :: <dispatcher.dispatcher.Dispatcher object at 0x1069a38e0>(3004) is deleted!!
[INFO] :: 2023-02-12 22:14:52,619 :: end 2(3005)
[INFO] :: 2023-02-12 22:14:52,620 :: <dispatcher.dispatcher.Executor object at 0x10b2cfb20>(3005) is deleted!!
[INFO] :: 2023-02-12 22:14:52,620 :: <dispatcher.dispatcher.Dispatcher object at 0x10b2cf8e0>(3005) is deleted!!
[INFO] :: 2023-02-12 22:14:52,626 :: Application End
[INFO] :: 2023-02-12 22:14:53,258 :: <dispatcher.dispatcher.Dispatcher object at 0x1054c9040>(3000) is deleted!!
[INFO] :: 2023-02-12 22:15:15,563 :: Application Start
[INFO] :: 2023-02-12 22:15:15,563 :: <dispatcher.dispatcher.Dispatcher object at 0x110b5b070>(3097) is created!!
[INFO] :: 2023-02-12 22:15:15,910 :: <dispatcher.dispatcher.Executor object at 0x108237b20>(3101) is created!!
[INFO] :: 2023-02-12 22:15:15,910 :: <dispatcher.dispatcher.Executor object at 0x10f70ab20>(3102) is created!!
[INFO] :: 2023-02-12 22:15:15,912 :: start 1(3101)
[INFO] :: 2023-02-12 22:15:15,912 :: start 2(3102)
[INFO] :: 2023-02-12 22:15:18,913 :: end 2(3102)
[INFO] :: 2023-02-12 22:15:18,913 :: end 1(3101)
[INFO] :: 2023-02-12 22:15:18,915 :: <dispatcher.dispatcher.Executor object at 0x108237b20>(3101) is deleted!!
[INFO] :: 2023-02-12 22:15:18,915 :: <dispatcher.dispatcher.Executor object at 0x10f70ab20>(3102) is deleted!!
[INFO] :: 2023-02-12 22:15:18,916 :: <dispatcher.dispatcher.Dispatcher object at 0x1082378e0>(3101) is deleted!!
[INFO] :: 2023-02-12 22:15:18,916 :: <dispatcher.dispatcher.Dispatcher object at 0x10f70a8e0>(3102) is deleted!!
[INFO] :: 2023-02-12 22:15:18,921 :: Application End
[INFO] :: 2023-02-12 22:15:19,680 :: <dispatcher.dispatcher.Dispatcher object at 0x110b5b070>(3097) is deleted!!
[INFO] :: 2023-02-12 22:34:38,165 :: Application Start
[INFO] :: 2023-02-12 22:34:38,166 :: <dispatcher.dispatcher.Dispatcher object at 0x108a70850>(3266) is created!!
[INFO] :: 2023-02-12 22:34:38,507 :: <dispatcher.dispatcher.Dispatcher object at 0x1022349a0>(3270) is created!!
[INFO] :: 2023-02-12 22:34:38,509 :: <dispatcher.dispatcher.Executor object at 0x102234ee0>(3270) is created!!
[INFO] :: 2023-02-12 22:34:38,509 :: start 1(3270)
[INFO] :: 2023-02-12 22:34:38,510 :: <dispatcher.dispatcher.Dispatcher object at 0x10fe1f9a0>(3271) is created!!
[INFO] :: 2023-02-12 22:34:38,511 :: <dispatcher.dispatcher.Executor object at 0x10fe1fee0>(3271) is created!!
[INFO] :: 2023-02-12 22:34:38,512 :: start 2(3271)
[INFO] :: 2023-02-12 22:34:41,511 :: end 1(3270)
[INFO] :: 2023-02-12 22:34:41,512 :: end 2(3271)
[INFO] :: 2023-02-12 22:34:41,512 :: <dispatcher.dispatcher.Executor object at 0x102234ee0>(3270) is deleted!!
[INFO] :: 2023-02-12 22:34:41,513 :: <dispatcher.dispatcher.Executor object at 0x10fe1fee0>(3271) is deleted!!
[INFO] :: 2023-02-12 22:34:41,519 :: Application End
[INFO] :: 2023-02-12 22:37:15,239 :: Application Start
[INFO] :: 2023-02-12 22:37:15,240 :: <dispatcher.dispatcher.Dispatcher object at 0x10512c850>(3397) is created!!
[INFO] :: 2023-02-12 22:37:15,599 :: <dispatcher.dispatcher.Dispatcher object at 0x1020fa9a0>(3401) is created!!
[INFO] :: 2023-02-12 22:37:15,599 :: <dispatcher.dispatcher.Dispatcher object at 0x1059989a0>(3402) is created!!
[INFO] :: 2023-02-12 22:37:15,600 :: <dispatcher.dispatcher.Executor object at 0x1020faee0>(3401) is created!!
[INFO] :: 2023-02-12 22:37:15,601 :: start 1(3401)
[INFO] :: 2023-02-12 22:37:15,601 :: <dispatcher.dispatcher.Executor object at 0x105998df0>(3402) is created!!
[INFO] :: 2023-02-12 22:37:15,601 :: start 2(3402)
[INFO] :: 2023-02-12 22:37:18,605 :: end 1(3401)
[INFO] :: 2023-02-12 22:37:18,605 :: end 2(3402)
[INFO] :: 2023-02-12 22:37:18,606 :: <dispatcher.dispatcher.Executor object at 0x105998df0>(3402) is deleted!!
[INFO] :: 2023-02-12 22:37:18,606 :: <dispatcher.dispatcher.Executor object at 0x1020faee0>(3401) is deleted!!
[INFO] :: 2023-02-12 22:37:19,420 :: Application End
[INFO] :: 2023-02-12 22:38:40,517 :: Application Start
[INFO] :: 2023-02-12 22:38:40,517 :: <dispatcher.dispatcher.Dispatcher object at 0x10b229850>(3507) is created!!
[INFO] :: 2023-02-12 22:38:40,862 :: <dispatcher.dispatcher.Dispatcher object at 0x10ffbc9a0>(3511) is created!!
[INFO] :: 2023-02-12 22:38:40,862 :: <dispatcher.dispatcher.Dispatcher object at 0x10c7449a0>(3512) is created!!
[INFO] :: 2023-02-12 22:38:40,863 :: <dispatcher.dispatcher.Executor object at 0x10ffbcee0>(3511) is created!!
[INFO] :: 2023-02-12 22:38:40,863 :: <dispatcher.dispatcher.Executor object at 0x10c744ee0>(3512) is created!!
[INFO] :: 2023-02-12 22:38:40,864 :: start 1(3511)
[INFO] :: 2023-02-12 22:38:40,864 :: start 2(3512)
[INFO] :: 2023-02-12 22:38:43,865 :: end 2(3512)
[INFO] :: 2023-02-12 22:38:43,865 :: end 1(3511)
[INFO] :: 2023-02-12 22:38:43,866 :: <dispatcher.dispatcher.Executor object at 0x10ffbcee0>(3511) is deleted!!
[INFO] :: 2023-02-12 22:38:43,866 :: <dispatcher.dispatcher.Executor object at 0x10c744ee0>(3512) is deleted!!
[INFO] :: 2023-02-12 22:38:44,690 :: Application End
[INFO] :: 2023-02-12 22:43:08,980 :: Application Start
[INFO] :: 2023-02-12 22:43:08,985 :: Application End
[INFO] :: 2023-02-12 22:45:58,195 :: Application Start
[INFO] :: 2023-02-12 22:45:58,200 :: Application End
[INFO] :: 2023-02-12 22:46:54,619 :: Application Start
[INFO] :: 2023-02-12 22:46:54,624 :: Application End
[INFO] :: 2023-02-12 22:47:16,971 :: Application Start
[INFO] :: 2023-02-12 22:47:16,976 :: Application End
[INFO] :: 2023-02-12 22:48:32,252 :: Application Start
[INFO] :: 2023-02-12 22:49:56,530 :: Application Start
[INFO] :: 2023-02-12 22:50:06,483 :: <dispatcher.dispatcher.Executor object at 0x110b0d310>(4398) is created!!
[INFO] :: 2023-02-12 22:50:06,485 :: start 1(4398)
[INFO] :: 2023-02-12 22:50:07,379 :: <dispatcher.dispatcher.Executor object at 0x110b0d850>(4398) is created!!
[INFO] :: 2023-02-12 22:50:07,380 :: start 2(4398)
[INFO] :: 2023-02-12 22:50:34,683 :: Application Start
[INFO] :: 2023-02-12 22:50:36,510 :: <dispatcher.dispatcher.Executor object at 0x10ec23850>(4489) is created!!
[INFO] :: 2023-02-12 22:50:36,510 :: start 1(4489)
[INFO] :: 2023-02-12 22:50:37,088 :: <dispatcher.dispatcher.Executor object at 0x10ec23eb0>(4489) is created!!
[INFO] :: 2023-02-12 22:50:37,088 :: start 2(4489)
[INFO] :: 2023-02-12 22:50:39,993 :: end 1(4489)
[INFO] :: 2023-02-12 22:50:40,094 :: end 2(4489)
[INFO] :: 2023-02-12 22:50:40,610 :: <dispatcher.dispatcher.Executor object at 0x10ec23850>(4489) is deleted!!
[INFO] :: 2023-02-12 22:50:40,611 :: <dispatcher.dispatcher.Executor object at 0x10ec23eb0>(4489) is deleted!!
[INFO] :: 2023-02-12 22:50:47,702 :: Application Start
[INFO] :: 2023-02-12 22:51:09,652 :: Application Start
[INFO] :: 2023-02-12 22:51:16,356 :: <dispatcher.dispatcher.Executor object at 0x106497a30>(4661) is created!!
[INFO] :: 2023-02-12 22:51:16,358 :: start 1(4661)
[INFO] :: 2023-02-12 22:51:53,596 :: Application Start
[INFO] :: 2023-02-12 22:52:05,074 :: Application Start
[INFO] :: 2023-02-12 22:52:07,680 :: Application Start
[INFO] :: 2023-02-12 22:52:10,197 :: <dispatcher.dispatcher.Executor object at 0x1044f5a30>(4922) is created!!
[INFO] :: 2023-02-12 22:52:12,776 :: <dispatcher.dispatcher.Executor object at 0x1044f59d0>(4922) is created!!
[INFO] :: 2023-02-12 22:52:12,776 :: start 1(4922)
[INFO] :: 2023-02-12 22:52:12,778 :: start 2(4922)
[INFO] :: 2023-02-12 22:52:18,138 :: end 1(4922)
[INFO] :: 2023-02-12 22:52:19,894 :: end 2(4922)
[INFO] :: 2023-02-12 22:52:21,755 :: <dispatcher.dispatcher.Executor object at 0x1044f5a30>(4922) is deleted!!
[INFO] :: 2023-02-12 22:52:21,755 :: <dispatcher.dispatcher.Executor object at 0x1044f59d0>(4922) is deleted!!
[INFO] :: 2023-02-14 23:54:18,318 :: Application Start
[INFO] :: 2023-02-14 23:54:18,319 :: Application End
[INFO] :: 2023-02-14 23:54:32,841 :: Application Start
[INFO] :: 2023-02-14 23:54:32,841 :: Application End
[INFO] :: 2023-02-15 00:43:52,660 :: Application Start
[INFO] :: 2023-02-15 00:43:52,661 :: Application End
